Using pre-set license
Built from '2020.3/staging' branch; Version is '2020.3.4f1 (0abb6314276a) revision 703331'; Using compiler version '192528614'; Build Type 'Release'
OS: 'Windows 10 Home China; OS build 19042.1110; Version 2009; 64bit' Language: 'zh' Physical Memory: 16178 MB
BatchMode: 1, IsHumanControllingUs: 0, StartBugReporterOnCrash: 0, Is64bit: 1, IsPro: 0

 COMMAND LINE ARGUMENTS:
D:\Unity\Editor\Unity.exe
-adb2
-batchMode
-noUpm
-name
AssetImportWorker0
-projectPath
F:/SEED/Motion
-logFile
Logs/AssetImportWorker0.log
-srvPort
50679
Successfully changed project path to: F:/SEED/Motion
F:/SEED/Motion
Using Asset Import Pipeline V2.
Refreshing native plugins compatible for Editor in 23.77 ms, found 0 plugins.
Preloading 0 native plugins for Editor in 0.00 ms.
Initialize engine version: 2020.3.4f1 (0abb6314276a)
[Subsystems] Discovering subsystems at path D:/Unity/Editor/Data/Resources/UnitySubsystems
[Subsystems] Discovering subsystems at path F:/SEED/Motion/Assets
GfxDevice: creating device client; threaded=0
Direct3D:
    Version:  Direct3D 11.0 [level 11.1]
    Renderer: NVIDIA GeForce GTX 1060 with Max-Q Design (ID=0x1c20)
    Vendor:   
    VRAM:     6052 MB
    Driver:   27.21.14.6231
Initialize mono
Mono path[0] = 'D:/Unity/Editor/Data/Managed'
Mono path[1] = 'D:/Unity/Editor/Data/MonoBleedingEdge/lib/mono/unityjit'
Mono config path = 'D:/Unity/Editor/Data/MonoBleedingEdge/etc'
Using monoOptions --debugger-agent=transport=dt_socket,embedding=1,server=y,suspend=n,address=127.0.0.1:56848
Begin MonoManager ReloadAssembly
Registering precompiled unity dll's ...
Register platform support module: D:/Unity/Editor/Data/PlaybackEngines/WindowsStandaloneSupport/UnityEditor.WindowsStandalone.Extensions.dll
Registered in 0.000993 seconds.
Native extension for WindowsStandalone target not found
Refreshing native plugins compatible for Editor in 22.54 ms, found 0 plugins.
Preloading 0 native plugins for Editor in 0.00 ms.
Mono: successfully reloaded assembly
- Completed reload, in  0.841 seconds
Platform modules already initialized, skipping
Registering precompiled user dll's ...
Registered in 0.000479 seconds.
Begin MonoManager ReloadAssembly
Native extension for WindowsStandalone target not found
Refreshing native plugins compatible for Editor in 0.20 ms, found 0 plugins.
Preloading 0 native plugins for Editor in 0.00 ms.
Mono: successfully reloaded assembly
- Completed reload, in  0.882 seconds
Platform modules already initialized, skipping
========================================================================
Worker process is ready to serve import requests
Launched and connected shader compiler UnityShaderCompiler.exe after 0.13 seconds
Refreshing native plugins compatible for Editor in 0.19 ms, found 0 plugins.
Preloading 0 native plugins for Editor in 0.00 ms.
Unloading 1131 Unused Serialized files (Serialized files now loaded: 0)
System memory in use before: 70.0 MB.
System memory in use after: 70.1 MB.

Unloading 10 unused Assets to reduce memory usage. Loaded Objects now: 1591.
Total: 1.607200 ms (FindLiveObjects: 0.152700 ms CreateObjectMapping: 0.034200 ms MarkObjects: 1.342400 ms  DeleteObjects: 0.077100 ms)

========================================================================
Received Import Request.
  path: Assets/Animations/Animations/xbot@Low Crawl.fbx
  artifactKey: Guid(f04728790e5f40840811de214449238b) Importer(815301076,1909f56bfc062723c751e8b465ee728b)
Start importing Assets/Animations/Animations/xbot@Low Crawl.fbx using Guid(f04728790e5f40840811de214449238b) Importer(815301076,1909f56bfc062723c751e8b465ee728b)  -> (artifact id: '98746f41139d1defa796f25dc26eed97') in 0.450544 seconds
  Import took 0.548226 seconds .

========================================================================
Received Import Request.
  Time since last request: 21.146924 seconds.
  path: Assets/Animations/Animations/xbot@Low Crawl.fbx
  artifactKey: Guid(f04728790e5f40840811de214449238b) Importer(815301076,1909f56bfc062723c751e8b465ee728b)
Start importing Assets/Animations/Animations/xbot@Low Crawl.fbx using Guid(f04728790e5f40840811de214449238b) Importer(815301076,1909f56bfc062723c751e8b465ee728b)  -> (artifact id: '4ce2eb57d5a34c482c8cdaeaea848169') in 0.047584 seconds
  Import took 0.146649 seconds .

========================================================================
Received Import Request.
  Time since last request: 41779.912761 seconds.
  path: Assets/New Terrain.asset
  artifactKey: Guid(a730c7996eb3947429dc168f4fa86dd9) Importer(815301076,1909f56bfc062723c751e8b465ee728b)
Start importing Assets/New Terrain.asset using Guid(a730c7996eb3947429dc168f4fa86dd9) Importer(815301076,1909f56bfc062723c751e8b465ee728b)  -> (artifact id: '674496a80c0262431de6801de65e265d') in 0.353427 seconds
  Import took 0.431579 seconds .

========================================================================
Received Import Request.
  Time since last request: 0.000702 seconds.
  path: Assets/TerrainData_c7ed3c6f-427c-40b1-893a-e1e93e7b62ef.asset
  artifactKey: Guid(0147ac841b6d9924e99a731610a6606c) Importer(815301076,1909f56bfc062723c751e8b465ee728b)
Start importing Assets/TerrainData_c7ed3c6f-427c-40b1-893a-e1e93e7b62ef.asset using Guid(0147ac841b6d9924e99a731610a6606c) Importer(815301076,1909f56bfc062723c751e8b465ee728b)  -> (artifact id: '043d85431846d54415b37b57e68b7464') in 0.044274 seconds
  Import took 0.176238 seconds .

========================================================================
Received Import Request.
  Time since last request: 0.000295 seconds.
  path: Assets/TerrainData_1cefc533-1050-4e5b-9ebd-f65fadcb48bf.asset
  artifactKey: Guid(ecc56356982474648a4950497d12d51b) Importer(815301076,1909f56bfc062723c751e8b465ee728b)
Start importing Assets/TerrainData_1cefc533-1050-4e5b-9ebd-f65fadcb48bf.asset using Guid(ecc56356982474648a4950497d12d51b) Importer(815301076,1909f56bfc062723c751e8b465ee728b)  -> (artifact id: '6591fb7556214a3deea72808f943511d') in 0.054131 seconds
  Import took 0.057381 seconds .

========================================================================
Received Import Request.
  Time since last request: 0.000349 seconds.
  path: Assets/TerrainData_5e4c67cf-987e-4239-a826-bccf30c2ddfc.asset
  artifactKey: Guid(7ea3109c5e2c42046b392cba542af83e) Importer(815301076,1909f56bfc062723c751e8b465ee728b)
Start importing Assets/TerrainData_5e4c67cf-987e-4239-a826-bccf30c2ddfc.asset using Guid(7ea3109c5e2c42046b392cba542af83e) Importer(815301076,1909f56bfc062723c751e8b465ee728b)  -> (artifact id: '8410f7a1873d39df7ce2606ab77422cf') in 0.034166 seconds
  Import took 0.062806 seconds .

========================================================================
Received Import Request.
  Time since last request: 0.001022 seconds.
  path: Assets/TerrainData_16b451a9-efff-494f-a5cc-2876c3eb5ad7.asset
  artifactKey: Guid(a17d467c562ffa044ba66308a20c2f1a) Importer(815301076,1909f56bfc062723c751e8b465ee728b)
Start importing Assets/TerrainData_16b451a9-efff-494f-a5cc-2876c3eb5ad7.asset using Guid(a17d467c562ffa044ba66308a20c2f1a) Importer(815301076,1909f56bfc062723c751e8b465ee728b)  -> (artifact id: '1dc2431c27ea11ee0b15eff30ac3e5d1') in 0.062480 seconds
  Import took 0.228937 seconds .

========================================================================
Received Import Request.
  Time since last request: 0.000316 seconds.
  path: Assets/TerrainData_c44d3862-7dd7-4925-9c0b-b1df5e770b79.asset
  artifactKey: Guid(fdfc1dda7e08afd4e980ad7e5198cbde) Importer(815301076,1909f56bfc062723c751e8b465ee728b)
Start importing Assets/TerrainData_c44d3862-7dd7-4925-9c0b-b1df5e770b79.asset using Guid(fdfc1dda7e08afd4e980ad7e5198cbde) Importer(815301076,1909f56bfc062723c751e8b465ee728b)  -> (artifact id: '9feeeed1052fa13aa1e32e3b18a82b72') in 0.025323 seconds
  Import took 0.027689 seconds .

========================================================================
Received Import Request.
  Time since last request: 0.000457 seconds.
  path: Assets/TerrainData_eb9e4276-fd20-4fc9-b6c5-9ab83bed00bb.asset
  artifactKey: Guid(f61116a6302a4c044b77417a4f51c60c) Importer(815301076,1909f56bfc062723c751e8b465ee728b)
Start importing Assets/TerrainData_eb9e4276-fd20-4fc9-b6c5-9ab83bed00bb.asset using Guid(f61116a6302a4c044b77417a4f51c60c) Importer(815301076,1909f56bfc062723c751e8b465ee728b)  -> (artifact id: '1383187dbe94cebee6ce20e2d3bcbf88') in 0.033023 seconds
  Import took 0.097788 seconds .

========================================================================
Received Import Request.
  Time since last request: 0.000272 seconds.
  path: Assets/TerrainData_2e38685a-a7ca-40a6-9cca-de2656126cc7.asset
  artifactKey: Guid(f818cc1e72eaf704a86be95d1e9b9408) Importer(815301076,1909f56bfc062723c751e8b465ee728b)
Start importing Assets/TerrainData_2e38685a-a7ca-40a6-9cca-de2656126cc7.asset using Guid(f818cc1e72eaf704a86be95d1e9b9408) Importer(815301076,1909f56bfc062723c751e8b465ee728b)  -> (artifact id: '3c4eebbbd4e66b651df7f41c40c20885') in 0.022258 seconds
  Import took 0.025541 seconds .

========================================================================
Received Import Request.
  Time since last request: 0.000336 seconds.
  path: Assets/TerrainData_a02900ad-5f19-4b50-8b61-58e9497fe7b0.asset
  artifactKey: Guid(521d47fe94d58ef49b74fbb6b79d0144) Importer(815301076,1909f56bfc062723c751e8b465ee728b)
Start importing Assets/TerrainData_a02900ad-5f19-4b50-8b61-58e9497fe7b0.asset using Guid(521d47fe94d58ef49b74fbb6b79d0144) Importer(815301076,1909f56bfc062723c751e8b465ee728b)  -> (artifact id: '84243a421ea8e0fdcb9a856074183d73') in 0.042517 seconds
  Import took 0.045609 seconds .

========================================================================
Received Import Request.
  Time since last request: 0.000348 seconds.
  path: Assets/TerrainData_55c32b6f-b2fb-468a-a059-f54943578e11.asset
  artifactKey: Guid(ee175733ac457b64ea4dc2b62c609044) Importer(815301076,1909f56bfc062723c751e8b465ee728b)
Start importing Assets/TerrainData_55c32b6f-b2fb-468a-a059-f54943578e11.asset using Guid(ee175733ac457b64ea4dc2b62c609044) Importer(815301076,1909f56bfc062723c751e8b465ee728b)  -> (artifact id: 'bf6727fbddff531c725d4a3a44e61126') in 0.030391 seconds
  Import took 0.199005 seconds .

========================================================================
Received Import Request.
  Time since last request: 0.000333 seconds.
  path: Assets/TerrainData_bcbf39c7-23dc-4f90-bb54-3d2df2646dd6.asset
  artifactKey: Guid(401dc5d9c441a6d47bab0f4e006dc3bd) Importer(815301076,1909f56bfc062723c751e8b465ee728b)
Start importing Assets/TerrainData_bcbf39c7-23dc-4f90-bb54-3d2df2646dd6.asset using Guid(401dc5d9c441a6d47bab0f4e006dc3bd) Importer(815301076,1909f56bfc062723c751e8b465ee728b)  -> (artifact id: '8c42ea92f9031ae3e674b47bc19f1518') in 0.029645 seconds
  Import took 0.058158 seconds .

========================================================================
Received Import Request.
  Time since last request: 0.000300 seconds.
  path: Assets/TerrainData_a2184874-7085-4440-a1c6-a122f7c0d354.asset
  artifactKey: Guid(197eb8fc83bcff247a3c312ba9b8f657) Importer(815301076,1909f56bfc062723c751e8b465ee728b)
Start importing Assets/TerrainData_a2184874-7085-4440-a1c6-a122f7c0d354.asset using Guid(197eb8fc83bcff247a3c312ba9b8f657) Importer(815301076,1909f56bfc062723c751e8b465ee728b)  -> (artifact id: '93fb6d9f3cea031eb493b6429a260276') in 0.052464 seconds
  Import took 0.055828 seconds .

========================================================================
Received Import Request.
  Time since last request: 3.209414 seconds.
  path: Assets/TotalMap
  artifactKey: Guid(95f3784aa5048ad4a86485beab4e5762) Importer(815301076,1909f56bfc062723c751e8b465ee728b)
Start importing Assets/TotalMap using Guid(95f3784aa5048ad4a86485beab4e5762) Importer(815301076,1909f56bfc062723c751e8b465ee728b)  -> (artifact id: '7fa43b6a6c220153b35ecfd06f03a5b0') in 0.056868 seconds
  Import took 0.216721 seconds .

========================================================================
Received Import Request.
  Time since last request: 0.000259 seconds.
  path: Assets/TotalMap/Ruler.mat
  artifactKey: Guid(1befc7499e28d7d48b9e7f9159571d0c) Importer(815301076,1909f56bfc062723c751e8b465ee728b)
Start importing Assets/TotalMap/Ruler.mat using Guid(1befc7499e28d7d48b9e7f9159571d0c) Importer(815301076,1909f56bfc062723c751e8b465ee728b)  -> (artifact id: '82f7ad9aca58bd4e64f85a327e2a861c') in 0.943781 seconds
  Import took 1.016650 seconds .

========================================================================
Received Import Request.
  Time since last request: 33.747114 seconds.
  path: Assets/MapPrefab/TotalMap 1.1.prefab
  artifactKey: Guid(119fd8c52d1df094fb1de47cec4b2bb4) Importer(815301076,1909f56bfc062723c751e8b465ee728b)
Start importing Assets/MapPrefab/TotalMap 1.1.prefab using Guid(119fd8c52d1df094fb1de47cec4b2bb4) Importer(815301076,1909f56bfc062723c751e8b465ee728b)  -> (artifact id: 'b38109dbdaea9deb440883c32128754c') in 0.677056 seconds
  Import took 0.836488 seconds .

========================================================================
Received Import Request.
  Time since last request: 29.435241 seconds.
  path: Assets/MapPrefab
  artifactKey: Guid(d49903578719172439bbcbb51d7b8c62) Importer(815301076,1909f56bfc062723c751e8b465ee728b)
Start importing Assets/MapPrefab using Guid(d49903578719172439bbcbb51d7b8c62) Importer(815301076,1909f56bfc062723c751e8b465ee728b)  -> (artifact id: '5d5bed28c23fda6279eebfa513752772') in 0.064462 seconds
  Import took 0.067708 seconds .

========================================================================
Received Prepare
Registering precompiled user dll's ...
Registered in 0.022006 seconds.
Begin MonoManager ReloadAssembly
Native extension for WindowsStandalone target not found
Refreshing native plugins compatible for Editor in 0.24 ms, found 0 plugins.
Preloading 0 native plugins for Editor in 0.00 ms.
Mono: successfully reloaded assembly
- Completed reload, in  0.951 seconds
Platform modules already initialized, skipping
Refreshing native plugins compatible for Editor in 0.33 ms, found 0 plugins.
Preloading 0 native plugins for Editor in 0.00 ms.
Unloading 1126 Unused Serialized files (Serialized files now loaded: 0)
System memory in use before: 87.0 MB.
System memory in use after: 87.1 MB.

Unloading 6 unused Assets to reduce memory usage. Loaded Objects now: 1639.
Total: 2.545000 ms (FindLiveObjects: 0.217800 ms CreateObjectMapping: 0.047000 ms MarkObjects: 2.143900 ms  DeleteObjects: 0.134800 ms)

========================================================================
Received Prepare
Registering precompiled user dll's ...
Registered in 0.000513 seconds.
Begin MonoManager ReloadAssembly
Native extension for WindowsStandalone target not found
Refreshing native plugins compatible for Editor in 0.26 ms, found 0 plugins.
Preloading 0 native plugins for Editor in 0.00 ms.
Mono: successfully reloaded assembly
- Completed reload, in  0.848 seconds
Platform modules already initialized, skipping
Refreshing native plugins compatible for Editor in 0.25 ms, found 0 plugins.
Preloading 0 native plugins for Editor in 0.00 ms.
Unloading 1126 Unused Serialized files (Serialized files now loaded: 0)
System memory in use before: 87.1 MB.
System memory in use after: 87.1 MB.

Unloading 5 unused Assets to reduce memory usage. Loaded Objects now: 1642.
Total: 1.721900 ms (FindLiveObjects: 0.140200 ms CreateObjectMapping: 0.034800 ms MarkObjects: 1.470600 ms  DeleteObjects: 0.075600 ms)

========================================================================
Received Prepare
Registering precompiled user dll's ...
Registered in 0.000739 seconds.
Begin MonoManager ReloadAssembly
Native extension for WindowsStandalone target not found
Refreshing native plugins compatible for Editor in 0.22 ms, found 0 plugins.
Preloading 0 native plugins for Editor in 0.00 ms.
Mono: successfully reloaded assembly
- Completed reload, in  0.859 seconds
Platform modules already initialized, skipping
Refreshing native plugins compatible for Editor in 0.42 ms, found 0 plugins.
Preloading 0 native plugins for Editor in 0.00 ms.
Unloading 1126 Unused Serialized files (Serialized files now loaded: 0)
System memory in use before: 87.1 MB.
System memory in use after: 87.1 MB.

Unloading 5 unused Assets to reduce memory usage. Loaded Objects now: 1645.
Total: 1.844400 ms (FindLiveObjects: 0.220500 ms CreateObjectMapping: 0.057900 ms MarkObjects: 1.487600 ms  DeleteObjects: 0.077700 ms)

========================================================================
Received Import Request.
  Time since last request: 1195.271117 seconds.
  path: Assets/Scripts/State/MoveForward.cs
  artifactKey: Guid(8b026341b51dc5c4da13cbbc46f0e3fb) Importer(815301076,1909f56bfc062723c751e8b465ee728b)
Start importing Assets/Scripts/State/MoveForward.cs using Guid(8b026341b51dc5c4da13cbbc46f0e3fb) Importer(815301076,1909f56bfc062723c751e8b465ee728b)  -> (artifact id: '70e81616430edc2b1a77686d4840ce9d') in 0.085214 seconds
  Import took 0.087753 seconds .

========================================================================
Received Prepare
Registering precompiled user dll's ...
Registered in 0.000543 seconds.
Begin MonoManager ReloadAssembly
Native extension for WindowsStandalone target not found
Refreshing native plugins compatible for Editor in 0.19 ms, found 0 plugins.
Preloading 0 native plugins for Editor in 0.00 ms.
Mono: successfully reloaded assembly
- Completed reload, in  0.689 seconds
Platform modules already initialized, skipping
Refreshing native plugins compatible for Editor in 0.19 ms, found 0 plugins.
Preloading 0 native plugins for Editor in 0.00 ms.
Unloading 1126 Unused Serialized files (Serialized files now loaded: 0)
System memory in use before: 87.1 MB.
System memory in use after: 87.2 MB.

Unloading 5 unused Assets to reduce memory usage. Loaded Objects now: 1648.
Total: 1.703000 ms (FindLiveObjects: 0.126300 ms CreateObjectMapping: 0.030300 ms MarkObjects: 1.485900 ms  DeleteObjects: 0.059500 ms)

========================================================================
Received Prepare
Registering precompiled user dll's ...
Registered in 0.000513 seconds.
Begin MonoManager ReloadAssembly
Native extension for WindowsStandalone target not found
Refreshing native plugins compatible for Editor in 0.19 ms, found 0 plugins.
Preloading 0 native plugins for Editor in 0.00 ms.
Mono: successfully reloaded assembly
- Completed reload, in  0.691 seconds
Platform modules already initialized, skipping
Refreshing native plugins compatible for Editor in 0.18 ms, found 0 plugins.
Preloading 0 native plugins for Editor in 0.00 ms.
Unloading 1126 Unused Serialized files (Serialized files now loaded: 0)
System memory in use before: 87.1 MB.
System memory in use after: 87.2 MB.

Unloading 5 unused Assets to reduce memory usage. Loaded Objects now: 1651.
Total: 2.104800 ms (FindLiveObjects: 0.560200 ms CreateObjectMapping: 0.085700 ms MarkObjects: 1.396000 ms  DeleteObjects: 0.061600 ms)

========================================================================
Received Prepare
Registering precompiled user dll's ...
Registered in 0.000490 seconds.
Begin MonoManager ReloadAssembly
Native extension for WindowsStandalone target not found
Refreshing native plugins compatible for Editor in 0.20 ms, found 0 plugins.
Preloading 0 native plugins for Editor in 0.00 ms.
Mono: successfully reloaded assembly
- Completed reload, in  0.681 seconds
Platform modules already initialized, skipping
Refreshing native plugins compatible for Editor in 0.19 ms, found 0 plugins.
Preloading 0 native plugins for Editor in 0.00 ms.
Unloading 1126 Unused Serialized files (Serialized files now loaded: 0)
System memory in use before: 87.1 MB.
System memory in use after: 87.2 MB.

Unloading 5 unused Assets to reduce memory usage. Loaded Objects now: 1654.
Total: 2.067500 ms (FindLiveObjects: 0.255100 ms CreateObjectMapping: 0.062900 ms MarkObjects: 1.687800 ms  DeleteObjects: 0.060600 ms)

========================================================================
Received Prepare
Registering precompiled user dll's ...
Registered in 0.000483 seconds.
Begin MonoManager ReloadAssembly
Native extension for WindowsStandalone target not found
Refreshing native plugins compatible for Editor in 0.20 ms, found 0 plugins.
Preloading 0 native plugins for Editor in 0.00 ms.
Mono: successfully reloaded assembly
- Completed reload, in  0.714 seconds
Platform modules already initialized, skipping
Refreshing native plugins compatible for Editor in 0.21 ms, found 0 plugins.
Preloading 0 native plugins for Editor in 0.00 ms.
Unloading 1126 Unused Serialized files (Serialized files now loaded: 0)
System memory in use before: 87.1 MB.
System memory in use after: 87.2 MB.

Unloading 5 unused Assets to reduce memory usage. Loaded Objects now: 1657.
Total: 1.861700 ms (FindLiveObjects: 0.181500 ms CreateObjectMapping: 0.044000 ms MarkObjects: 1.573600 ms  DeleteObjects: 0.061500 ms)

========================================================================
Received Import Request.
  Time since last request: 1289.920605 seconds.
  path: ProjectSettings/TagManager.asset
  artifactKey: Guid(00000000000000003000000000000000) Importer(815301076,1909f56bfc062723c751e8b465ee728b)
Start importing ProjectSettings/TagManager.asset using Guid(00000000000000003000000000000000) Importer(815301076,1909f56bfc062723c751e8b465ee728b)  -> (artifact id: '5cdd425f01cf626211dd37e1af0dc49e') in 0.050443 seconds
  Import took 0.062792 seconds .

========================================================================
Received Prepare
Registering precompiled user dll's ...
Registered in 0.000481 seconds.
Begin MonoManager ReloadAssembly
Native extension for WindowsStandalone target not found
Refreshing native plugins compatible for Editor in 0.20 ms, found 0 plugins.
Preloading 0 native plugins for Editor in 0.00 ms.
Mono: successfully reloaded assembly
- Completed reload, in  0.780 seconds
Platform modules already initialized, skipping
Refreshing native plugins compatible for Editor in 0.19 ms, found 0 plugins.
Preloading 0 native plugins for Editor in 0.00 ms.
Unloading 1126 Unused Serialized files (Serialized files now loaded: 0)
System memory in use before: 87.1 MB.
System memory in use after: 87.2 MB.

Unloading 6 unused Assets to reduce memory usage. Loaded Objects now: 1660.
Total: 1.702600 ms (FindLiveObjects: 0.169300 ms CreateObjectMapping: 0.040200 ms MarkObjects: 1.427400 ms  DeleteObjects: 0.064700 ms)

========================================================================
Received Prepare
Registering precompiled user dll's ...
Registered in 0.000528 seconds.
Begin MonoManager ReloadAssembly
Native extension for WindowsStandalone target not found
Refreshing native plugins compatible for Editor in 0.20 ms, found 0 plugins.
Preloading 0 native plugins for Editor in 0.00 ms.
Mono: successfully reloaded assembly
- Completed reload, in  0.702 seconds
Platform modules already initialized, skipping
Refreshing native plugins compatible for Editor in 0.19 ms, found 0 plugins.
Preloading 0 native plugins for Editor in 0.00 ms.
Unloading 1126 Unused Serialized files (Serialized files now loaded: 0)
System memory in use before: 87.1 MB.
System memory in use after: 87.2 MB.

Unloading 5 unused Assets to reduce memory usage. Loaded Objects now: 1663.
Total: 1.783800 ms (FindLiveObjects: 0.155400 ms CreateObjectMapping: 0.037300 ms MarkObjects: 1.528400 ms  DeleteObjects: 0.061600 ms)

========================================================================
Received Prepare
Registering precompiled user dll's ...
Registered in 0.000502 seconds.
Begin MonoManager ReloadAssembly
Native extension for WindowsStandalone target not found
Refreshing native plugins compatible for Editor in 0.22 ms, found 0 plugins.
Preloading 0 native plugins for Editor in 0.00 ms.
Mono: successfully reloaded assembly
- Completed reload, in  0.740 seconds
Platform modules already initialized, skipping
Refreshing native plugins compatible for Editor in 0.21 ms, found 0 plugins.
Preloading 0 native plugins for Editor in 0.00 ms.
Unloading 1126 Unused Serialized files (Serialized files now loaded: 0)
System memory in use before: 87.1 MB.
System memory in use after: 87.2 MB.

Unloading 5 unused Assets to reduce memory usage. Loaded Objects now: 1666.
Total: 1.712900 ms (FindLiveObjects: 0.126600 ms CreateObjectMapping: 0.030300 ms MarkObjects: 1.495900 ms  DeleteObjects: 0.059000 ms)

========================================================================
Received Prepare
Registering precompiled user dll's ...
Registered in 0.000430 seconds.
Begin MonoManager ReloadAssembly
Native extension for WindowsStandalone target not found
Refreshing native plugins compatible for Editor in 0.20 ms, found 0 plugins.
Preloading 0 native plugins for Editor in 0.00 ms.
Mono: successfully reloaded assembly
- Completed reload, in  0.820 seconds
Platform modules already initialized, skipping
Refreshing native plugins compatible for Editor in 0.20 ms, found 0 plugins.
Preloading 0 native plugins for Editor in 0.00 ms.
Unloading 1126 Unused Serialized files (Serialized files now loaded: 0)
System memory in use before: 87.1 MB.
System memory in use after: 87.2 MB.

Unloading 5 unused Assets to reduce memory usage. Loaded Objects now: 1669.
Total: 1.933600 ms (FindLiveObjects: 0.238400 ms CreateObjectMapping: 0.055500 ms MarkObjects: 1.570600 ms  DeleteObjects: 0.067700 ms)

========================================================================
Received Prepare
Registering precompiled user dll's ...
Registered in 0.000489 seconds.
Begin MonoManager ReloadAssembly
Native extension for WindowsStandalone target not found
Refreshing native plugins compatible for Editor in 0.31 ms, found 0 plugins.
Preloading 0 native plugins for Editor in 0.00 ms.
Mono: successfully reloaded assembly
- Completed reload, in  0.807 seconds
Platform modules already initialized, skipping
Refreshing native plugins compatible for Editor in 0.23 ms, found 0 plugins.
Preloading 0 native plugins for Editor in 0.00 ms.
Unloading 1126 Unused Serialized files (Serialized files now loaded: 0)
System memory in use before: 87.1 MB.
System memory in use after: 87.2 MB.

Unloading 5 unused Assets to reduce memory usage. Loaded Objects now: 1672.
Total: 2.470600 ms (FindLiveObjects: 0.236000 ms CreateObjectMapping: 0.053900 ms MarkObjects: 2.078800 ms  DeleteObjects: 0.100500 ms)

========================================================================
Received Prepare
Registering precompiled user dll's ...
Registered in 0.000472 seconds.
Begin MonoManager ReloadAssembly
Native extension for WindowsStandalone target not found
Refreshing native plugins compatible for Editor in 0.21 ms, found 0 plugins.
Preloading 0 native plugins for Editor in 0.00 ms.
Mono: successfully reloaded assembly
- Completed reload, in  0.726 seconds
Platform modules already initialized, skipping
Refreshing native plugins compatible for Editor in 0.20 ms, found 0 plugins.
Preloading 0 native plugins for Editor in 0.00 ms.
Unloading 1126 Unused Serialized files (Serialized files now loaded: 0)
System memory in use before: 87.1 MB.
System memory in use after: 87.2 MB.

Unloading 5 unused Assets to reduce memory usage. Loaded Objects now: 1675.
Total: 1.891800 ms (FindLiveObjects: 0.142900 ms CreateObjectMapping: 0.038200 ms MarkObjects: 1.643000 ms  DeleteObjects: 0.066100 ms)

========================================================================
Received Prepare
Registering precompiled user dll's ...
Registered in 0.000522 seconds.
Begin MonoManager ReloadAssembly
Native extension for WindowsStandalone target not found
Refreshing native plugins compatible for Editor in 0.21 ms, found 0 plugins.
Preloading 0 native plugins for Editor in 0.00 ms.
Mono: successfully reloaded assembly
- Completed reload, in  0.815 seconds
Platform modules already initialized, skipping
Refreshing native plugins compatible for Editor in 0.28 ms, found 0 plugins.
Preloading 0 native plugins for Editor in 0.00 ms.
Unloading 1126 Unused Serialized files (Serialized files now loaded: 0)
System memory in use before: 87.1 MB.
System memory in use after: 87.2 MB.

Unloading 5 unused Assets to reduce memory usage. Loaded Objects now: 1678.
Total: 2.000400 ms (FindLiveObjects: 0.269900 ms CreateObjectMapping: 0.037900 ms MarkObjects: 1.600200 ms  DeleteObjects: 0.089900 ms)

========================================================================
Received Prepare
Registering precompiled user dll's ...
Registered in 0.000468 seconds.
Begin MonoManager ReloadAssembly
Native extension for WindowsStandalone target not found
Refreshing native plugins compatible for Editor in 0.20 ms, found 0 plugins.
Preloading 0 native plugins for Editor in 0.00 ms.
Mono: successfully reloaded assembly
- Completed reload, in  0.746 seconds
Platform modules already initialized, skipping
Refreshing native plugins compatible for Editor in 0.20 ms, found 0 plugins.
Preloading 0 native plugins for Editor in 0.00 ms.
Unloading 1126 Unused Serialized files (Serialized files now loaded: 0)
System memory in use before: 87.2 MB.
System memory in use after: 87.2 MB.

Unloading 5 unused Assets to reduce memory usage. Loaded Objects now: 1681.
Total: 1.831400 ms (FindLiveObjects: 0.125400 ms CreateObjectMapping: 0.031300 ms MarkObjects: 1.615100 ms  DeleteObjects: 0.058700 ms)

========================================================================
Received Prepare
Registering precompiled user dll's ...
Registered in 0.000510 seconds.
Begin MonoManager ReloadAssembly
Native extension for WindowsStandalone target not found
Refreshing native plugins compatible for Editor in 0.19 ms, found 0 plugins.
Preloading 0 native plugins for Editor in 0.00 ms.
Mono: successfully reloaded assembly
- Completed reload, in  0.689 seconds
Platform modules already initialized, skipping
Refreshing native plugins compatible for Editor in 0.20 ms, found 0 plugins.
Preloading 0 native plugins for Editor in 0.00 ms.
Unloading 1126 Unused Serialized files (Serialized files now loaded: 0)
System memory in use before: 87.2 MB.
System memory in use after: 87.2 MB.

Unloading 5 unused Assets to reduce memory usage. Loaded Objects now: 1684.
Total: 1.569400 ms (FindLiveObjects: 0.122400 ms CreateObjectMapping: 0.028200 ms MarkObjects: 1.355600 ms  DeleteObjects: 0.062200 ms)

========================================================================
Received Prepare
Registering precompiled user dll's ...
Registered in 0.000484 seconds.
Begin MonoManager ReloadAssembly
Native extension for WindowsStandalone target not found
Refreshing native plugins compatible for Editor in 0.20 ms, found 0 plugins.
Preloading 0 native plugins for Editor in 0.00 ms.
Mono: successfully reloaded assembly
- Completed reload, in  0.745 seconds
Platform modules already initialized, skipping
Refreshing native plugins compatible for Editor in 0.19 ms, found 0 plugins.
Preloading 0 native plugins for Editor in 0.00 ms.
Unloading 1126 Unused Serialized files (Serialized files now loaded: 0)
System memory in use before: 87.2 MB.
System memory in use after: 87.2 MB.

Unloading 5 unused Assets to reduce memory usage. Loaded Objects now: 1687.
Total: 1.807300 ms (FindLiveObjects: 0.158600 ms CreateObjectMapping: 0.043600 ms MarkObjects: 1.534500 ms  DeleteObjects: 0.069600 ms)

========================================================================
Received Prepare
Registering precompiled user dll's ...
Registered in 0.000512 seconds.
Begin MonoManager ReloadAssembly
Native extension for WindowsStandalone target not found
Refreshing native plugins compatible for Editor in 0.21 ms, found 0 plugins.
Preloading 0 native plugins for Editor in 0.00 ms.
Mono: successfully reloaded assembly
- Completed reload, in  0.702 seconds
Platform modules already initialized, skipping
Refreshing native plugins compatible for Editor in 0.27 ms, found 0 plugins.
Preloading 0 native plugins for Editor in 0.00 ms.
Unloading 1126 Unused Serialized files (Serialized files now loaded: 0)
System memory in use before: 87.2 MB.
System memory in use after: 87.2 MB.

Unloading 5 unused Assets to reduce memory usage. Loaded Objects now: 1690.
Total: 2.059200 ms (FindLiveObjects: 0.165900 ms CreateObjectMapping: 0.033500 ms MarkObjects: 1.795300 ms  DeleteObjects: 0.063500 ms)

========================================================================
Received Prepare
Registering precompiled user dll's ...
Registered in 0.000480 seconds.
Begin MonoManager ReloadAssembly
Native extension for WindowsStandalone target not found
Refreshing native plugins compatible for Editor in 0.20 ms, found 0 plugins.
Preloading 0 native plugins for Editor in 0.00 ms.
Mono: successfully reloaded assembly
- Completed reload, in  0.774 seconds
Platform modules already initialized, skipping
Refreshing native plugins compatible for Editor in 0.19 ms, found 0 plugins.
Preloading 0 native plugins for Editor in 0.00 ms.
Unloading 1126 Unused Serialized files (Serialized files now loaded: 0)
System memory in use before: 87.2 MB.
System memory in use after: 87.2 MB.

Unloading 5 unused Assets to reduce memory usage. Loaded Objects now: 1693.
Total: 2.383000 ms (FindLiveObjects: 0.192500 ms CreateObjectMapping: 0.048700 ms MarkObjects: 2.079300 ms  DeleteObjects: 0.061600 ms)

========================================================================
Received Prepare
Registering precompiled user dll's ...
Registered in 0.000416 seconds.
Begin MonoManager ReloadAssembly
Native extension for WindowsStandalone target not found
Refreshing native plugins compatible for Editor in 0.20 ms, found 0 plugins.
Preloading 0 native plugins for Editor in 0.00 ms.
Mono: successfully reloaded assembly
- Completed reload, in  0.721 seconds
Platform modules already initialized, skipping
Refreshing native plugins compatible for Editor in 0.25 ms, found 0 plugins.
Preloading 0 native plugins for Editor in 0.00 ms.
Unloading 1126 Unused Serialized files (Serialized files now loaded: 0)
System memory in use before: 87.2 MB.
System memory in use after: 87.3 MB.

Unloading 5 unused Assets to reduce memory usage. Loaded Objects now: 1696.
Total: 1.744700 ms (FindLiveObjects: 0.200400 ms CreateObjectMapping: 0.031100 ms MarkObjects: 1.452600 ms  DeleteObjects: 0.059100 ms)

========================================================================
Received Prepare
Registering precompiled user dll's ...
Registered in 0.000513 seconds.
Begin MonoManager ReloadAssembly
Native extension for WindowsStandalone target not found
Refreshing native plugins compatible for Editor in 0.22 ms, found 0 plugins.
Preloading 0 native plugins for Editor in 0.00 ms.
Mono: successfully reloaded assembly
- Completed reload, in  0.745 seconds
Platform modules already initialized, skipping
Refreshing native plugins compatible for Editor in 0.20 ms, found 0 plugins.
Preloading 0 native plugins for Editor in 0.00 ms.
Unloading 1126 Unused Serialized files (Serialized files now loaded: 0)
System memory in use before: 87.2 MB.
System memory in use after: 87.3 MB.

Unloading 5 unused Assets to reduce memory usage. Loaded Objects now: 1699.
Total: 1.925200 ms (FindLiveObjects: 0.156300 ms CreateObjectMapping: 0.043200 ms MarkObjects: 1.665600 ms  DeleteObjects: 0.058900 ms)

========================================================================
Received Prepare
Registering precompiled user dll's ...
Registered in 0.000440 seconds.
Begin MonoManager ReloadAssembly
Native extension for WindowsStandalone target not found
Refreshing native plugins compatible for Editor in 0.22 ms, found 0 plugins.
Preloading 0 native plugins for Editor in 0.00 ms.
Mono: successfully reloaded assembly
- Completed reload, in  0.814 seconds
Platform modules already initialized, skipping
Refreshing native plugins compatible for Editor in 0.42 ms, found 0 plugins.
Preloading 0 native plugins for Editor in 0.00 ms.
Unloading 1126 Unused Serialized files (Serialized files now loaded: 0)
System memory in use before: 87.2 MB.
System memory in use after: 87.3 MB.

Unloading 5 unused Assets to reduce memory usage. Loaded Objects now: 1702.
Total: 1.839900 ms (FindLiveObjects: 0.171300 ms CreateObjectMapping: 0.041300 ms MarkObjects: 1.568800 ms  DeleteObjects: 0.057400 ms)

========================================================================
Received Prepare
Registering precompiled user dll's ...
Registered in 0.000460 seconds.
Begin MonoManager ReloadAssembly
Native extension for WindowsStandalone target not found
Refreshing native plugins compatible for Editor in 0.20 ms, found 0 plugins.
Preloading 0 native plugins for Editor in 0.00 ms.
Mono: successfully reloaded assembly
- Completed reload, in  0.701 seconds
Platform modules already initialized, skipping
Refreshing native plugins compatible for Editor in 0.19 ms, found 0 plugins.
Preloading 0 native plugins for Editor in 0.00 ms.
Unloading 1126 Unused Serialized files (Serialized files now loaded: 0)
System memory in use before: 87.2 MB.
System memory in use after: 87.3 MB.

Unloading 5 unused Assets to reduce memory usage. Loaded Objects now: 1705.
Total: 2.359200 ms (FindLiveObjects: 0.211800 ms CreateObjectMapping: 0.058100 ms MarkObjects: 2.024000 ms  DeleteObjects: 0.064000 ms)

========================================================================
Received Prepare
Registering precompiled user dll's ...
Registered in 0.000482 seconds.
Begin MonoManager ReloadAssembly
Native extension for WindowsStandalone target not found
Refreshing native plugins compatible for Editor in 0.24 ms, found 0 plugins.
Preloading 0 native plugins for Editor in 0.00 ms.
Mono: successfully reloaded assembly
- Completed reload, in  0.775 seconds
Platform modules already initialized, skipping
Refreshing native plugins compatible for Editor in 0.19 ms, found 0 plugins.
Preloading 0 native plugins for Editor in 0.00 ms.
Unloading 1126 Unused Serialized files (Serialized files now loaded: 0)
System memory in use before: 87.2 MB.
System memory in use after: 87.3 MB.

Unloading 5 unused Assets to reduce memory usage. Loaded Objects now: 1708.
Total: 1.789900 ms (FindLiveObjects: 0.160900 ms CreateObjectMapping: 0.045400 ms MarkObjects: 1.520400 ms  DeleteObjects: 0.062300 ms)

========================================================================
Received Import Request.
  Time since last request: 4047.875940 seconds.
  path: Assets/TerrainData_16b451a9-efff-494f-a5cc-2876c3eb5ad7.asset
  artifactKey: Guid(a17d467c562ffa044ba66308a20c2f1a) Importer(815301076,1909f56bfc062723c751e8b465ee728b)
Start importing Assets/TerrainData_16b451a9-efff-494f-a5cc-2876c3eb5ad7.asset using Guid(a17d467c562ffa044ba66308a20c2f1a) Importer(815301076,1909f56bfc062723c751e8b465ee728b)  -> (artifact id: '3d8ecc91eefffd88266d52367bea9f6a') in 0.027242 seconds
  Import took 0.029892 seconds .

========================================================================
Received Prepare
Registering precompiled user dll's ...
Registered in 0.000499 seconds.
Begin MonoManager ReloadAssembly
Native extension for WindowsStandalone target not found
Refreshing native plugins compatible for Editor in 0.21 ms, found 0 plugins.
Preloading 0 native plugins for Editor in 0.00 ms.
Mono: successfully reloaded assembly
- Completed reload, in  0.743 seconds
Platform modules already initialized, skipping
Refreshing native plugins compatible for Editor in 0.19 ms, found 0 plugins.
Preloading 0 native plugins for Editor in 0.00 ms.
Unloading 1126 Unused Serialized files (Serialized files now loaded: 0)
System memory in use before: 87.2 MB.
System memory in use after: 87.3 MB.

Unloading 5 unused Assets to reduce memory usage. Loaded Objects now: 1711.
Total: 1.655800 ms (FindLiveObjects: 0.121300 ms CreateObjectMapping: 0.031000 ms MarkObjects: 1.444600 ms  DeleteObjects: 0.057500 ms)

AssetImportWorkerClient::OnTransportError - code=2 error=End of file
